var data = [{'startTime': '2020-07-10 17:53:23', 'duration': '0:00:00.053856', 'title': 'My unit test', 'status': '错误 11', 'desc': 'This demonstrates the report output by HTMLTestRunner.', 'data': '\n    <div id="btn-group">\n    <div class="btn-group btn-group-sm">\n        <a class="btn btn-primary" onclick=\'javascript:showCase(0)\'>概要{ 0.00% }</a>\n        <a class="btn btn-warning" onclick=\'javascript:showCase(4)\'>错误{ 11 }</a>\n        <a class="btn btn-danger" onclick=\'javascript:showCase(1)\'>失败{ 0 }</a>\n        <a class="btn btn-success" onclick=\'javascript:showCase(2)\'>通过{ 0 }</a>\n        <a class="btn btn-info" onclick=\'javascript:showCase(3)\'>所有{ 11 }</a>\n    </div>\n    <p></p>\n    <table id=\'result_table\' class="table table-bordered">\n        <colgroup>\n            <col align=\'left\' />\n            <col align=\'right\' />\n            <col align=\'right\' />\n            <col align=\'right\' />\n            <col align=\'right\' />\n            <col align=\'right\' />\n            <col align=\'right\' />\n        </colgroup>\n        <tr id=\'header_row\'>\n            <td>测试套件/测试用例</td>\n            <td>总数</td>\n            <td>通过</td>\n            <td>失败</td>\n            <td>错误</td>\n            <th>视图</th>\n            <th>错误截图</th>\n        </tr>\n        \n    <tr class=\'errorClass\'>\n        <td>InfrastructureCase</td>\n        <td>11</td>\n        <td>0</td>\n        <td>0</td>\n        <td>11</td>\n        <td><a href="javascript:showClassDetail(\'c1\',11)">详情</a></td>\n        <td>&nbsp;</td>\n    </tr>\n\n<tr id=\'ft1.1\' class=\'none\'>\n    <td class=\'errorCase\'><div class=\'testcase\'>test_infrastructure_add_1</div></td>\n    <td colspan=\'5\' align=\'center\'>\n\n    <!--css div popup start-->\n    <a class="popup_link" onfocus=\'this.blur();\' href="javascript:showTestDetail(\'div_ft1.1\')" >\n        错误</a>\n\n    <div id=\'div_ft1.1\' class="popup_window">\n        <div style=\'text-align: right; color:red;cursor:pointer\'>\n            <a onfocus=\'this.blur();\' onclick="document.getElementById(\'div_ft1.1\').style.display = \'none\' " >\n               [x]</a>\n        </div>\n        <pre>ft1.1: Traceback (most recent call last):\n  File "C:\\Users\\lll\\AppData\\Local\\Programs\\Python\\Python38-32\\lib\\site-packages\\ddt.py", line 145, in wrapper\n    return func(self, *args, **kwargs)\n  File "E:/Auto-interface/TestCase/Infrastructure/infrastructure_case.py", line 36, in test_infrastructure_add\n    raise e\n  File "E:/Auto-interface/TestCase/Infrastructure/infrastructure_case.py", line 29, in test_infrastructure_add\n    self.log.logger.log(f"kwrow:{kwargs[\'row\']}")\nTypeError: log() missing 1 required positional argument: \'msg\'\n</pre>\n    </div>\n    <!--css div popup end-->\n\n    </td>\n    <td>无截图</td>\n</tr>\n\n<tr id=\'ft1.2\' class=\'none\'>\n    <td class=\'errorCase\'><div class=\'testcase\'>test_infrastructure_add_10</div></td>\n    <td colspan=\'5\' align=\'center\'>\n\n    <!--css div popup start-->\n    <a class="popup_link" onfocus=\'this.blur();\' href="javascript:showTestDetail(\'div_ft1.2\')" >\n        错误</a>\n\n    <div id=\'div_ft1.2\' class="popup_window">\n        <div style=\'text-align: right; color:red;cursor:pointer\'>\n            <a onfocus=\'this.blur();\' onclick="document.getElementById(\'div_ft1.2\').style.display = \'none\' " >\n               [x]</a>\n        </div>\n        <pre>ft1.2: Traceback (most recent call last):\n  File "C:\\Users\\lll\\AppData\\Local\\Programs\\Python\\Python38-32\\lib\\site-packages\\ddt.py", line 145, in wrapper\n    return func(self, *args, **kwargs)\n  File "E:/Auto-interface/TestCase/Infrastructure/infrastructure_case.py", line 36, in test_infrastructure_add\n    raise e\n  File "E:/Auto-interface/TestCase/Infrastructure/infrastructure_case.py", line 29, in test_infrastructure_add\n    self.log.logger.log(f"kwrow:{kwargs[\'row\']}")\nTypeError: log() missing 1 required positional argument: \'msg\'\n</pre>\n    </div>\n    <!--css div popup end-->\n\n    </td>\n    <td>无截图</td>\n</tr>\n\n<tr id=\'ft1.3\' class=\'none\'>\n    <td class=\'errorCase\'><div class=\'testcase\'>test_infrastructure_add_11</div></td>\n    <td colspan=\'5\' align=\'center\'>\n\n    <!--css div popup start-->\n    <a class="popup_link" onfocus=\'this.blur();\' href="javascript:showTestDetail(\'div_ft1.3\')" >\n        错误</a>\n\n    <div id=\'div_ft1.3\' class="popup_window">\n        <div style=\'text-align: right; color:red;cursor:pointer\'>\n            <a onfocus=\'this.blur();\' onclick="document.getElementById(\'div_ft1.3\').style.display = \'none\' " >\n               [x]</a>\n        </div>\n        <pre>ft1.3: Traceback (most recent call last):\n  File "C:\\Users\\lll\\AppData\\Local\\Programs\\Python\\Python38-32\\lib\\site-packages\\ddt.py", line 145, in wrapper\n    return func(self, *args, **kwargs)\n  File "E:/Auto-interface/TestCase/Infrastructure/infrastructure_case.py", line 36, in test_infrastructure_add\n    raise e\n  File "E:/Auto-interface/TestCase/Infrastructure/infrastructure_case.py", line 29, in test_infrastructure_add\n    self.log.logger.log(f"kwrow:{kwargs[\'row\']}")\nTypeError: log() missing 1 required positional argument: \'msg\'\n</pre>\n    </div>\n    <!--css div popup end-->\n\n    </td>\n    <td>无截图</td>\n</tr>\n\n<tr id=\'ft1.4\' class=\'none\'>\n    <td class=\'errorCase\'><div class=\'testcase\'>test_infrastructure_add_2</div></td>\n    <td colspan=\'5\' align=\'center\'>\n\n    <!--css div popup start-->\n    <a class="popup_link" onfocus=\'this.blur();\' href="javascript:showTestDetail(\'div_ft1.4\')" >\n        错误</a>\n\n    <div id=\'div_ft1.4\' class="popup_window">\n        <div style=\'text-align: right; color:red;cursor:pointer\'>\n            <a onfocus=\'this.blur();\' onclick="document.getElementById(\'div_ft1.4\').style.display = \'none\' " >\n               [x]</a>\n        </div>\n        <pre>ft1.4: Traceback (most recent call last):\n  File "C:\\Users\\lll\\AppData\\Local\\Programs\\Python\\Python38-32\\lib\\site-packages\\ddt.py", line 145, in wrapper\n    return func(self, *args, **kwargs)\n  File "E:/Auto-interface/TestCase/Infrastructure/infrastructure_case.py", line 36, in test_infrastructure_add\n    raise e\n  File "E:/Auto-interface/TestCase/Infrastructure/infrastructure_case.py", line 29, in test_infrastructure_add\n    self.log.logger.log(f"kwrow:{kwargs[\'row\']}")\nTypeError: log() missing 1 required positional argument: \'msg\'\n</pre>\n    </div>\n    <!--css div popup end-->\n\n    </td>\n    <td>无截图</td>\n</tr>\n\n<tr id=\'ft1.5\' class=\'none\'>\n    <td class=\'errorCase\'><div class=\'testcase\'>test_infrastructure_add_3</div></td>\n    <td colspan=\'5\' align=\'center\'>\n\n    <!--css div popup start-->\n    <a class="popup_link" onfocus=\'this.blur();\' href="javascript:showTestDetail(\'div_ft1.5\')" >\n        错误</a>\n\n    <div id=\'div_ft1.5\' class="popup_window">\n        <div style=\'text-align: right; color:red;cursor:pointer\'>\n            <a onfocus=\'this.blur();\' onclick="document.getElementById(\'div_ft1.5\').style.display = \'none\' " >\n               [x]</a>\n        </div>\n        <pre>ft1.5: Traceback (most recent call last):\n  File "C:\\Users\\lll\\AppData\\Local\\Programs\\Python\\Python38-32\\lib\\site-packages\\ddt.py", line 145, in wrapper\n    return func(self, *args, **kwargs)\n  File "E:/Auto-interface/TestCase/Infrastructure/infrastructure_case.py", line 36, in test_infrastructure_add\n    raise e\n  File "E:/Auto-interface/TestCase/Infrastructure/infrastructure_case.py", line 29, in test_infrastructure_add\n    self.log.logger.log(f"kwrow:{kwargs[\'row\']}")\nTypeError: log() missing 1 required positional argument: \'msg\'\n</pre>\n    </div>\n    <!--css div popup end-->\n\n    </td>\n    <td>无截图</td>\n</tr>\n\n<tr id=\'ft1.6\' class=\'none\'>\n    <td class=\'errorCase\'><div class=\'testcase\'>test_infrastructure_add_4</div></td>\n    <td colspan=\'5\' align=\'center\'>\n\n    <!--css div popup start-->\n    <a class="popup_link" onfocus=\'this.blur();\' href="javascript:showTestDetail(\'div_ft1.6\')" >\n        错误</a>\n\n    <div id=\'div_ft1.6\' class="popup_window">\n        <div style=\'text-align: right; color:red;cursor:pointer\'>\n            <a onfocus=\'this.blur();\' onclick="document.getElementById(\'div_ft1.6\').style.display = \'none\' " >\n               [x]</a>\n        </div>\n        <pre>ft1.6: Traceback (most recent call last):\n  File "C:\\Users\\lll\\AppData\\Local\\Programs\\Python\\Python38-32\\lib\\site-packages\\ddt.py", line 145, in wrapper\n    return func(self, *args, **kwargs)\n  File "E:/Auto-interface/TestCase/Infrastructure/infrastructure_case.py", line 36, in test_infrastructure_add\n    raise e\n  File "E:/Auto-interface/TestCase/Infrastructure/infrastructure_case.py", line 29, in test_infrastructure_add\n    self.log.logger.log(f"kwrow:{kwargs[\'row\']}")\nTypeError: log() missing 1 required positional argument: \'msg\'\n</pre>\n    </div>\n    <!--css div popup end-->\n\n    </td>\n    <td>无截图</td>\n</tr>\n\n<tr id=\'ft1.7\' class=\'none\'>\n    <td class=\'errorCase\'><div class=\'testcase\'>test_infrastructure_add_5</div></td>\n    <td colspan=\'5\' align=\'center\'>\n\n    <!--css div popup start-->\n    <a class="popup_link" onfocus=\'this.blur();\' href="javascript:showTestDetail(\'div_ft1.7\')" >\n        错误</a>\n\n    <div id=\'div_ft1.7\' class="popup_window">\n        <div style=\'text-align: right; color:red;cursor:pointer\'>\n            <a onfocus=\'this.blur();\' onclick="document.getElementById(\'div_ft1.7\').style.display = \'none\' " >\n               [x]</a>\n        </div>\n        <pre>ft1.7: Traceback (most recent call last):\n  File "C:\\Users\\lll\\AppData\\Local\\Programs\\Python\\Python38-32\\lib\\site-packages\\ddt.py", line 145, in wrapper\n    return func(self, *args, **kwargs)\n  File "E:/Auto-interface/TestCase/Infrastructure/infrastructure_case.py", line 36, in test_infrastructure_add\n    raise e\n  File "E:/Auto-interface/TestCase/Infrastructure/infrastructure_case.py", line 29, in test_infrastructure_add\n    self.log.logger.log(f"kwrow:{kwargs[\'row\']}")\nTypeError: log() missing 1 required positional argument: \'msg\'\n</pre>\n    </div>\n    <!--css div popup end-->\n\n    </td>\n    <td>无截图</td>\n</tr>\n\n<tr id=\'ft1.8\' class=\'none\'>\n    <td class=\'errorCase\'><div class=\'testcase\'>test_infrastructure_add_6</div></td>\n    <td colspan=\'5\' align=\'center\'>\n\n    <!--css div popup start-->\n    <a class="popup_link" onfocus=\'this.blur();\' href="javascript:showTestDetail(\'div_ft1.8\')" >\n        错误</a>\n\n    <div id=\'div_ft1.8\' class="popup_window">\n        <div style=\'text-align: right; color:red;cursor:pointer\'>\n            <a onfocus=\'this.blur();\' onclick="document.getElementById(\'div_ft1.8\').style.display = \'none\' " >\n               [x]</a>\n        </div>\n        <pre>ft1.8: Traceback (most recent call last):\n  File "C:\\Users\\lll\\AppData\\Local\\Programs\\Python\\Python38-32\\lib\\site-packages\\ddt.py", line 145, in wrapper\n    return func(self, *args, **kwargs)\n  File "E:/Auto-interface/TestCase/Infrastructure/infrastructure_case.py", line 36, in test_infrastructure_add\n    raise e\n  File "E:/Auto-interface/TestCase/Infrastructure/infrastructure_case.py", line 29, in test_infrastructure_add\n    self.log.logger.log(f"kwrow:{kwargs[\'row\']}")\nTypeError: log() missing 1 required positional argument: \'msg\'\n</pre>\n    </div>\n    <!--css div popup end-->\n\n    </td>\n    <td>无截图</td>\n</tr>\n\n<tr id=\'ft1.9\' class=\'none\'>\n    <td class=\'errorCase\'><div class=\'testcase\'>test_infrastructure_add_7</div></td>\n    <td colspan=\'5\' align=\'center\'>\n\n    <!--css div popup start-->\n    <a class="popup_link" onfocus=\'this.blur();\' href="javascript:showTestDetail(\'div_ft1.9\')" >\n        错误</a>\n\n    <div id=\'div_ft1.9\' class="popup_window">\n        <div style=\'text-align: right; color:red;cursor:pointer\'>\n            <a onfocus=\'this.blur();\' onclick="document.getElementById(\'div_ft1.9\').style.display = \'none\' " >\n               [x]</a>\n        </div>\n        <pre>ft1.9: Traceback (most recent call last):\n  File "C:\\Users\\lll\\AppData\\Local\\Programs\\Python\\Python38-32\\lib\\site-packages\\ddt.py", line 145, in wrapper\n    return func(self, *args, **kwargs)\n  File "E:/Auto-interface/TestCase/Infrastructure/infrastructure_case.py", line 36, in test_infrastructure_add\n    raise e\n  File "E:/Auto-interface/TestCase/Infrastructure/infrastructure_case.py", line 29, in test_infrastructure_add\n    self.log.logger.log(f"kwrow:{kwargs[\'row\']}")\nTypeError: log() missing 1 required positional argument: \'msg\'\n</pre>\n    </div>\n    <!--css div popup end-->\n\n    </td>\n    <td>无截图</td>\n</tr>\n\n<tr id=\'ft1.10\' class=\'none\'>\n    <td class=\'errorCase\'><div class=\'testcase\'>test_infrastructure_add_8</div></td>\n    <td colspan=\'5\' align=\'center\'>\n\n    <!--css div popup start-->\n    <a class="popup_link" onfocus=\'this.blur();\' href="javascript:showTestDetail(\'div_ft1.10\')" >\n        错误</a>\n\n    <div id=\'div_ft1.10\' class="popup_window">\n        <div style=\'text-align: right; color:red;cursor:pointer\'>\n            <a onfocus=\'this.blur();\' onclick="document.getElementById(\'div_ft1.10\').style.display = \'none\' " >\n               [x]</a>\n        </div>\n        <pre>ft1.10: Traceback (most recent call last):\n  File "C:\\Users\\lll\\AppData\\Local\\Programs\\Python\\Python38-32\\lib\\site-packages\\ddt.py", line 145, in wrapper\n    return func(self, *args, **kwargs)\n  File "E:/Auto-interface/TestCase/Infrastructure/infrastructure_case.py", line 36, in test_infrastructure_add\n    raise e\n  File "E:/Auto-interface/TestCase/Infrastructure/infrastructure_case.py", line 29, in test_infrastructure_add\n    self.log.logger.log(f"kwrow:{kwargs[\'row\']}")\nTypeError: log() missing 1 required positional argument: \'msg\'\n</pre>\n    </div>\n    <!--css div popup end-->\n\n    </td>\n    <td>无截图</td>\n</tr>\n\n<tr id=\'ft1.11\' class=\'none\'>\n    <td class=\'errorCase\'><div class=\'testcase\'>test_infrastructure_add_9</div></td>\n    <td colspan=\'5\' align=\'center\'>\n\n    <!--css div popup start-->\n    <a class="popup_link" onfocus=\'this.blur();\' href="javascript:showTestDetail(\'div_ft1.11\')" >\n        错误</a>\n\n    <div id=\'div_ft1.11\' class="popup_window">\n        <div style=\'text-align: right; color:red;cursor:pointer\'>\n            <a onfocus=\'this.blur();\' onclick="document.getElementById(\'div_ft1.11\').style.display = \'none\' " >\n               [x]</a>\n        </div>\n        <pre>ft1.11: Traceback (most recent call last):\n  File "C:\\Users\\lll\\AppData\\Local\\Programs\\Python\\Python38-32\\lib\\site-packages\\ddt.py", line 145, in wrapper\n    return func(self, *args, **kwargs)\n  File "E:/Auto-interface/TestCase/Infrastructure/infrastructure_case.py", line 36, in test_infrastructure_add\n    raise e\n  File "E:/Auto-interface/TestCase/Infrastructure/infrastructure_case.py", line 29, in test_infrastructure_add\n    self.log.logger.log(f"kwrow:{kwargs[\'row\']}")\nTypeError: log() missing 1 required positional argument: \'msg\'\n</pre>\n    </div>\n    <!--css div popup end-->\n\n    </td>\n    <td>无截图</td>\n</tr>\n\n        <tr id=\'total_row\'>\n            <td>总计</td>\n            <td>11</td>\n            <td>0</td>\n            <td>0</td>\n            <td>11</td>\n            <td>&nbsp;</td>\n            <th>&nbsp;</th>\n        </tr>\n    </table>\n    </div>\n', 'error': '11'}, {'startTime': '2020-07-10 17:54:35', 'duration': '0:00:04.297538', 'title': 'My unit test', 'status': '通过 9 失败 2', 'desc': 'This demonstrates the report output by HTMLTestRunner.', 'data': '\n    <div id="btn-group">\n    <div class="btn-group btn-group-sm">\n        <a class="btn btn-primary" onclick=\'javascript:showCase(0)\'>概要{ 81.82% }</a>\n        <a class="btn btn-warning" onclick=\'javascript:showCase(4)\'>错误{ 0 }</a>\n        <a class="btn btn-danger" onclick=\'javascript:showCase(1)\'>失败{ 2 }</a>\n        <a class="btn btn-success" onclick=\'javascript:showCase(2)\'>通过{ 9 }</a>\n        <a class="btn btn-info" onclick=\'javascript:showCase(3)\'>所有{ 11 }</a>\n    </div>\n    <p></p>\n    <table id=\'result_table\' class="table table-bordered">\n        <colgroup>\n            <col align=\'left\' />\n            <col align=\'right\' />\n            <col align=\'right\' />\n            <col align=\'right\' />\n            <col align=\'right\' />\n            <col align=\'right\' />\n            <col align=\'right\' />\n        </colgroup>\n        <tr id=\'header_row\'>\n            <td>测试套件/测试用例</td>\n            <td>总数</td>\n            <td>通过</td>\n            <td>失败</td>\n            <td>错误</td>\n            <th>视图</th>\n            <th>错误截图</th>\n        </tr>\n        \n    <tr class=\'failClass\'>\n        <td>InfrastructureCase</td>\n        <td>11</td>\n        <td>9</td>\n        <td>2</td>\n        <td>0</td>\n        <td><a href="javascript:showClassDetail(\'c1\',11)">详情</a></td>\n        <td>&nbsp;</td>\n    </tr>\n\n<tr id=\'pt1.1\' class=\'hiddenRow\'>\n    <td class=\'passCase\'><div class=\'testcase\'>test_infrastructure_add_1</div></td>\n    <td colspan=\'5\' align=\'center\'>通过</td>\n    <td>无截图</td>\n</tr>\n\n<tr id=\'ft1.2\' class=\'none\'>\n    <td class=\'failCase\'><div class=\'testcase\'>test_infrastructure_add_10</div></td>\n    <td colspan=\'5\' align=\'center\'>\n\n    <!--css div popup start-->\n    <a class="popup_link" onfocus=\'this.blur();\' href="javascript:showTestDetail(\'div_ft1.2\')" >\n        失败</a>\n\n    <div id=\'div_ft1.2\' class="popup_window">\n        <div style=\'text-align: right; color:red;cursor:pointer\'>\n            <a onfocus=\'this.blur();\' onclick="document.getElementById(\'div_ft1.2\').style.display = \'none\' " >\n               [x]</a>\n        </div>\n        <pre>ft1.2: Traceback (most recent call last):\n  File "C:\\Users\\lll\\AppData\\Local\\Programs\\Python\\Python38-32\\lib\\site-packages\\ddt.py", line 145, in wrapper\n    return func(self, *args, **kwargs)\n  File "E:/Auto-interface/TestCase/Infrastructure/infrastructure_case.py", line 36, in test_infrastructure_add\n    raise e\n  File "E:/Auto-interface/TestCase/Infrastructure/infrastructure_case.py", line 33, in test_infrastructure_add\n    self.assertEqual(excel_data_1.get(\'expected_result\'), actual_result, msg=f\'"{excel_data_1.get("case")}" 用例执行失败\')\nAssertionError: \'操作成功\' != \'基建信息不存在\'\n- 操作成功\n+ 基建信息不存在\n : "010-新增住房" 用例执行失败\n</pre>\n    </div>\n    <!--css div popup end-->\n\n    </td>\n    <td>无截图</td>\n</tr>\n\n<tr id=\'ft1.3\' class=\'none\'>\n    <td class=\'failCase\'><div class=\'testcase\'>test_infrastructure_add_11</div></td>\n    <td colspan=\'5\' align=\'center\'>\n\n    <!--css div popup start-->\n    <a class="popup_link" onfocus=\'this.blur();\' href="javascript:showTestDetail(\'div_ft1.3\')" >\n        失败</a>\n\n    <div id=\'div_ft1.3\' class="popup_window">\n        <div style=\'text-align: right; color:red;cursor:pointer\'>\n            <a onfocus=\'this.blur();\' onclick="document.getElementById(\'div_ft1.3\').style.display = \'none\' " >\n               [x]</a>\n        </div>\n        <pre>ft1.3: Traceback (most recent call last):\n  File "C:\\Users\\lll\\AppData\\Local\\Programs\\Python\\Python38-32\\lib\\site-packages\\ddt.py", line 145, in wrapper\n    return func(self, *args, **kwargs)\n  File "E:/Auto-interface/TestCase/Infrastructure/infrastructure_case.py", line 36, in test_infrastructure_add\n    raise e\n  File "E:/Auto-interface/TestCase/Infrastructure/infrastructure_case.py", line 33, in test_infrastructure_add\n    self.assertEqual(excel_data_1.get(\'expected_result\'), actual_result, msg=f\'"{excel_data_1.get("case")}" 用例执行失败\')\nAssertionError: \'操作成功\' != \'基建信息不存在\'\n- 操作成功\n+ 基建信息不存在\n : "011-新增住房" 用例执行失败\n</pre>\n    </div>\n    <!--css div popup end-->\n\n    </td>\n    <td>无截图</td>\n</tr>\n\n<tr id=\'pt1.4\' class=\'hiddenRow\'>\n    <td class=\'passCase\'><div class=\'testcase\'>test_infrastructure_add_2</div></td>\n    <td colspan=\'5\' align=\'center\'>通过</td>\n    <td>无截图</td>\n</tr>\n\n<tr id=\'pt1.5\' class=\'hiddenRow\'>\n    <td class=\'passCase\'><div class=\'testcase\'>test_infrastructure_add_3</div></td>\n    <td colspan=\'5\' align=\'center\'>通过</td>\n    <td>无截图</td>\n</tr>\n\n<tr id=\'pt1.6\' class=\'hiddenRow\'>\n    <td class=\'passCase\'><div class=\'testcase\'>test_infrastructure_add_4</div></td>\n    <td colspan=\'5\' align=\'center\'>通过</td>\n    <td>无截图</td>\n</tr>\n\n<tr id=\'pt1.7\' class=\'hiddenRow\'>\n    <td class=\'passCase\'><div class=\'testcase\'>test_infrastructure_add_5</div></td>\n    <td colspan=\'5\' align=\'center\'>通过</td>\n    <td>无截图</td>\n</tr>\n\n<tr id=\'pt1.8\' class=\'hiddenRow\'>\n    <td class=\'passCase\'><div class=\'testcase\'>test_infrastructure_add_6</div></td>\n    <td colspan=\'5\' align=\'center\'>通过</td>\n    <td>无截图</td>\n</tr>\n\n<tr id=\'pt1.9\' class=\'hiddenRow\'>\n    <td class=\'passCase\'><div class=\'testcase\'>test_infrastructure_add_7</div></td>\n    <td colspan=\'5\' align=\'center\'>通过</td>\n    <td>无截图</td>\n</tr>\n\n<tr id=\'pt1.10\' class=\'hiddenRow\'>\n    <td class=\'passCase\'><div class=\'testcase\'>test_infrastructure_add_8</div></td>\n    <td colspan=\'5\' align=\'center\'>通过</td>\n    <td>无截图</td>\n</tr>\n\n<tr id=\'pt1.11\' class=\'hiddenRow\'>\n    <td class=\'passCase\'><div class=\'testcase\'>test_infrastructure_add_9</div></td>\n    <td colspan=\'5\' align=\'center\'>通过</td>\n    <td>无截图</td>\n</tr>\n\n        <tr id=\'total_row\'>\n            <td>总计</td>\n            <td>11</td>\n            <td>9</td>\n            <td>2</td>\n            <td>0</td>\n            <td>&nbsp;</td>\n            <th>&nbsp;</th>\n        </tr>\n    </table>\n    </div>\n', 'success': '9', 'fail': '2'}, {'startTime': '2020-07-10 17:57:12', 'duration': '0:00:04.233671', 'title': 'My unit test', 'status': '失败 2 错误 11', 'desc': 'This demonstrates the report output by HTMLTestRunner.', 'data': '\n    <div id="btn-group">\n    <div class="btn-group btn-group-sm">\n        <a class="btn btn-primary" onclick=\'javascript:showCase(0)\'>概要{ 0.00% }</a>\n        <a class="btn btn-warning" onclick=\'javascript:showCase(4)\'>错误{ 11 }</a>\n        <a class="btn btn-danger" onclick=\'javascript:showCase(1)\'>失败{ 2 }</a>\n        <a class="btn btn-success" onclick=\'javascript:showCase(2)\'>通过{ 0 }</a>\n        <a class="btn btn-info" onclick=\'javascript:showCase(3)\'>所有{ 13 }</a>\n    </div>\n    <p></p>\n    <table id=\'result_table\' class="table table-bordered">\n        <colgroup>\n            <col align=\'left\' />\n            <col align=\'right\' />\n            <col align=\'right\' />\n            <col align=\'right\' />\n            <col align=\'right\' />\n            <col align=\'right\' />\n            <col align=\'right\' />\n        </colgroup>\n        <tr id=\'header_row\'>\n            <td>测试套件/测试用例</td>\n            <td>总数</td>\n            <td>通过</td>\n            <td>失败</td>\n            <td>错误</td>\n            <th>视图</th>\n            <th>错误截图</th>\n        </tr>\n        \n    <tr class=\'errorClass\'>\n        <td>InfrastructureCase</td>\n        <td>13</td>\n        <td>0</td>\n        <td>2</td>\n        <td>11</td>\n        <td><a href="javascript:showClassDetail(\'c1\',13)">详情</a></td>\n        <td>&nbsp;</td>\n    </tr>\n\n<tr id=\'ft1.1\' class=\'none\'>\n    <td class=\'errorCase\'><div class=\'testcase\'>test_infrastructure_add_1</div></td>\n    <td colspan=\'5\' align=\'center\'>\n\n    <!--css div popup start-->\n    <a class="popup_link" onfocus=\'this.blur();\' href="javascript:showTestDetail(\'div_ft1.1\')" >\n        错误</a>\n\n    <div id=\'div_ft1.1\' class="popup_window">\n        <div style=\'text-align: right; color:red;cursor:pointer\'>\n            <a onfocus=\'this.blur();\' onclick="document.getElementById(\'div_ft1.1\').style.display = \'none\' " >\n               [x]</a>\n        </div>\n        <pre>ft1.1: Traceback (most recent call last):\n  File "E:/Auto-interface/TestCase/Infrastructure/infrastructure_case.py", line 60, in tearDown\n    num += 1\nNameError: name \'num\' is not defined\n</pre>\n    </div>\n    <!--css div popup end-->\n\n    </td>\n    <td>无截图</td>\n</tr>\n\n<tr id=\'ft1.2\' class=\'none\'>\n    <td class=\'failCase\'><div class=\'testcase\'>test_infrastructure_add_10</div></td>\n    <td colspan=\'5\' align=\'center\'>\n\n    <!--css div popup start-->\n    <a class="popup_link" onfocus=\'this.blur();\' href="javascript:showTestDetail(\'div_ft1.2\')" >\n        失败</a>\n\n    <div id=\'div_ft1.2\' class="popup_window">\n        <div style=\'text-align: right; color:red;cursor:pointer\'>\n            <a onfocus=\'this.blur();\' onclick="document.getElementById(\'div_ft1.2\').style.display = \'none\' " >\n               [x]</a>\n        </div>\n        <pre>ft1.2: Traceback (most recent call last):\n  File "C:\\Users\\lll\\AppData\\Local\\Programs\\Python\\Python38-32\\lib\\site-packages\\ddt.py", line 145, in wrapper\n    return func(self, *args, **kwargs)\n  File "E:/Auto-interface/TestCase/Infrastructure/infrastructure_case.py", line 37, in test_infrastructure_add\n    raise e\n  File "E:/Auto-interface/TestCase/Infrastructure/infrastructure_case.py", line 34, in test_infrastructure_add\n    self.assertEqual(excel_data_1.get(\'expected_result\'), actual_result, msg=f\'"{excel_data_1.get("case")}" 用例执行失败\')\nAssertionError: \'操作成功\' != \'基建信息不存在\'\n- 操作成功\n+ 基建信息不存在\n : "010-新增住房" 用例执行失败\n</pre>\n    </div>\n    <!--css div popup end-->\n\n    </td>\n    <td>无截图</td>\n</tr>\n\n<tr id=\'ft1.3\' class=\'none\'>\n    <td class=\'errorCase\'><div class=\'testcase\'>test_infrastructure_add_10</div></td>\n    <td colspan=\'5\' align=\'center\'>\n\n    <!--css div popup start-->\n    <a class="popup_link" onfocus=\'this.blur();\' href="javascript:showTestDetail(\'div_ft1.3\')" >\n        错误</a>\n\n    <div id=\'div_ft1.3\' class="popup_window">\n        <div style=\'text-align: right; color:red;cursor:pointer\'>\n            <a onfocus=\'this.blur();\' onclick="document.getElementById(\'div_ft1.3\').style.display = \'none\' " >\n               [x]</a>\n        </div>\n        <pre>ft1.3: Traceback (most recent call last):\n  File "E:/Auto-interface/TestCase/Infrastructure/infrastructure_case.py", line 60, in tearDown\n    num += 1\nNameError: name \'num\' is not defined\n</pre>\n    </div>\n    <!--css div popup end-->\n\n    </td>\n    <td>无截图</td>\n</tr>\n\n<tr id=\'ft1.4\' class=\'none\'>\n    <td class=\'failCase\'><div class=\'testcase\'>test_infrastructure_add_11</div></td>\n    <td colspan=\'5\' align=\'center\'>\n\n    <!--css div popup start-->\n    <a class="popup_link" onfocus=\'this.blur();\' href="javascript:showTestDetail(\'div_ft1.4\')" >\n        失败</a>\n\n    <div id=\'div_ft1.4\' class="popup_window">\n        <div style=\'text-align: right; color:red;cursor:pointer\'>\n            <a onfocus=\'this.blur();\' onclick="document.getElementById(\'div_ft1.4\').style.display = \'none\' " >\n               [x]</a>\n        </div>\n        <pre>ft1.4: Traceback (most recent call last):\n  File "C:\\Users\\lll\\AppData\\Local\\Programs\\Python\\Python38-32\\lib\\site-packages\\ddt.py", line 145, in wrapper\n    return func(self, *args, **kwargs)\n  File "E:/Auto-interface/TestCase/Infrastructure/infrastructure_case.py", line 37, in test_infrastructure_add\n    raise e\n  File "E:/Auto-interface/TestCase/Infrastructure/infrastructure_case.py", line 34, in test_infrastructure_add\n    self.assertEqual(excel_data_1.get(\'expected_result\'), actual_result, msg=f\'"{excel_data_1.get("case")}" 用例执行失败\')\nAssertionError: \'操作成功\' != \'基建信息不存在\'\n- 操作成功\n+ 基建信息不存在\n : "011-新增住房" 用例执行失败\n</pre>\n    </div>\n    <!--css div popup end-->\n\n    </td>\n    <td>无截图</td>\n</tr>\n\n<tr id=\'ft1.5\' class=\'none\'>\n    <td class=\'errorCase\'><div class=\'testcase\'>test_infrastructure_add_11</div></td>\n    <td colspan=\'5\' align=\'center\'>\n\n    <!--css div popup start-->\n    <a class="popup_link" onfocus=\'this.blur();\' href="javascript:showTestDetail(\'div_ft1.5\')" >\n        错误</a>\n\n    <div id=\'div_ft1.5\' class="popup_window">\n        <div style=\'text-align: right; color:red;cursor:pointer\'>\n            <a onfocus=\'this.blur();\' onclick="document.getElementById(\'div_ft1.5\').style.display = \'none\' " >\n               [x]</a>\n        </div>\n        <pre>ft1.5: Traceback (most recent call last):\n  File "E:/Auto-interface/TestCase/Infrastructure/infrastructure_case.py", line 60, in tearDown\n    num += 1\nNameError: name \'num\' is not defined\n</pre>\n    </div>\n    <!--css div popup end-->\n\n    </td>\n    <td>无截图</td>\n</tr>\n\n<tr id=\'ft1.6\' class=\'none\'>\n    <td class=\'errorCase\'><div class=\'testcase\'>test_infrastructure_add_2</div></td>\n    <td colspan=\'5\' align=\'center\'>\n\n    <!--css div popup start-->\n    <a class="popup_link" onfocus=\'this.blur();\' href="javascript:showTestDetail(\'div_ft1.6\')" >\n        错误</a>\n\n    <div id=\'div_ft1.6\' class="popup_window">\n        <div style=\'text-align: right; color:red;cursor:pointer\'>\n            <a onfocus=\'this.blur();\' onclick="document.getElementById(\'div_ft1.6\').style.display = \'none\' " >\n               [x]</a>\n        </div>\n        <pre>ft1.6: Traceback (most recent call last):\n  File "E:/Auto-interface/TestCase/Infrastructure/infrastructure_case.py", line 60, in tearDown\n    num += 1\nNameError: name \'num\' is not defined\n</pre>\n    </div>\n    <!--css div popup end-->\n\n    </td>\n    <td>无截图</td>\n</tr>\n\n<tr id=\'ft1.7\' class=\'none\'>\n    <td class=\'errorCase\'><div class=\'testcase\'>test_infrastructure_add_3</div></td>\n    <td colspan=\'5\' align=\'center\'>\n\n    <!--css div popup start-->\n    <a class="popup_link" onfocus=\'this.blur();\' href="javascript:showTestDetail(\'div_ft1.7\')" >\n        错误</a>\n\n    <div id=\'div_ft1.7\' class="popup_window">\n        <div style=\'text-align: right; color:red;cursor:pointer\'>\n            <a onfocus=\'this.blur();\' onclick="document.getElementById(\'div_ft1.7\').style.display = \'none\' " >\n               [x]</a>\n        </div>\n        <pre>ft1.7: Traceback (most recent call last):\n  File "E:/Auto-interface/TestCase/Infrastructure/infrastructure_case.py", line 60, in tearDown\n    num += 1\nNameError: name \'num\' is not defined\n</pre>\n    </div>\n    <!--css div popup end-->\n\n    </td>\n    <td>无截图</td>\n</tr>\n\n<tr id=\'ft1.8\' class=\'none\'>\n    <td class=\'errorCase\'><div class=\'testcase\'>test_infrastructure_add_4</div></td>\n    <td colspan=\'5\' align=\'center\'>\n\n    <!--css div popup start-->\n    <a class="popup_link" onfocus=\'this.blur();\' href="javascript:showTestDetail(\'div_ft1.8\')" >\n        错误</a>\n\n    <div id=\'div_ft1.8\' class="popup_window">\n        <div style=\'text-align: right; color:red;cursor:pointer\'>\n            <a onfocus=\'this.blur();\' onclick="document.getElementById(\'div_ft1.8\').style.display = \'none\' " >\n               [x]</a>\n        </div>\n        <pre>ft1.8: Traceback (most recent call last):\n  File "E:/Auto-interface/TestCase/Infrastructure/infrastructure_case.py", line 60, in tearDown\n    num += 1\nNameError: name \'num\' is not defined\n</pre>\n    </div>\n    <!--css div popup end-->\n\n    </td>\n    <td>无截图</td>\n</tr>\n\n<tr id=\'ft1.9\' class=\'none\'>\n    <td class=\'errorCase\'><div class=\'testcase\'>test_infrastructure_add_5</div></td>\n    <td colspan=\'5\' align=\'center\'>\n\n    <!--css div popup start-->\n    <a class="popup_link" onfocus=\'this.blur();\' href="javascript:showTestDetail(\'div_ft1.9\')" >\n        错误</a>\n\n    <div id=\'div_ft1.9\' class="popup_window">\n        <div style=\'text-align: right; color:red;cursor:pointer\'>\n            <a onfocus=\'this.blur();\' onclick="document.getElementById(\'div_ft1.9\').style.display = \'none\' " >\n               [x]</a>\n        </div>\n        <pre>ft1.9: Traceback (most recent call last):\n  File "E:/Auto-interface/TestCase/Infrastructure/infrastructure_case.py", line 60, in tearDown\n    num += 1\nNameError: name \'num\' is not defined\n</pre>\n    </div>\n    <!--css div popup end-->\n\n    </td>\n    <td>无截图</td>\n</tr>\n\n<tr id=\'ft1.10\' class=\'none\'>\n    <td class=\'errorCase\'><div class=\'testcase\'>test_infrastructure_add_6</div></td>\n    <td colspan=\'5\' align=\'center\'>\n\n    <!--css div popup start-->\n    <a class="popup_link" onfocus=\'this.blur();\' href="javascript:showTestDetail(\'div_ft1.10\')" >\n        错误</a>\n\n    <div id=\'div_ft1.10\' class="popup_window">\n        <div style=\'text-align: right; color:red;cursor:pointer\'>\n            <a onfocus=\'this.blur();\' onclick="document.getElementById(\'div_ft1.10\').style.display = \'none\' " >\n               [x]</a>\n        </div>\n        <pre>ft1.10: Traceback (most recent call last):\n  File "E:/Auto-interface/TestCase/Infrastructure/infrastructure_case.py", line 60, in tearDown\n    num += 1\nNameError: name \'num\' is not defined\n</pre>\n    </div>\n    <!--css div popup end-->\n\n    </td>\n    <td>无截图</td>\n</tr>\n\n<tr id=\'ft1.11\' class=\'none\'>\n    <td class=\'errorCase\'><div class=\'testcase\'>test_infrastructure_add_7</div></td>\n    <td colspan=\'5\' align=\'center\'>\n\n    <!--css div popup start-->\n    <a class="popup_link" onfocus=\'this.blur();\' href="javascript:showTestDetail(\'div_ft1.11\')" >\n        错误</a>\n\n    <div id=\'div_ft1.11\' class="popup_window">\n        <div style=\'text-align: right; color:red;cursor:pointer\'>\n            <a onfocus=\'this.blur();\' onclick="document.getElementById(\'div_ft1.11\').style.display = \'none\' " >\n               [x]</a>\n        </div>\n        <pre>ft1.11: Traceback (most recent call last):\n  File "E:/Auto-interface/TestCase/Infrastructure/infrastructure_case.py", line 60, in tearDown\n    num += 1\nNameError: name \'num\' is not defined\n</pre>\n    </div>\n    <!--css div popup end-->\n\n    </td>\n    <td>无截图</td>\n</tr>\n\n<tr id=\'ft1.12\' class=\'none\'>\n    <td class=\'errorCase\'><div class=\'testcase\'>test_infrastructure_add_8</div></td>\n    <td colspan=\'5\' align=\'center\'>\n\n    <!--css div popup start-->\n    <a class="popup_link" onfocus=\'this.blur();\' href="javascript:showTestDetail(\'div_ft1.12\')" >\n        错误</a>\n\n    <div id=\'div_ft1.12\' class="popup_window">\n        <div style=\'text-align: right; color:red;cursor:pointer\'>\n            <a onfocus=\'this.blur();\' onclick="document.getElementById(\'div_ft1.12\').style.display = \'none\' " >\n               [x]</a>\n        </div>\n        <pre>ft1.12: Traceback (most recent call last):\n  File "E:/Auto-interface/TestCase/Infrastructure/infrastructure_case.py", line 60, in tearDown\n    num += 1\nNameError: name \'num\' is not defined\n</pre>\n    </div>\n    <!--css div popup end-->\n\n    </td>\n    <td>无截图</td>\n</tr>\n\n<tr id=\'ft1.13\' class=\'none\'>\n    <td class=\'errorCase\'><div class=\'testcase\'>test_infrastructure_add_9</div></td>\n    <td colspan=\'5\' align=\'center\'>\n\n    <!--css div popup start-->\n    <a class="popup_link" onfocus=\'this.blur();\' href="javascript:showTestDetail(\'div_ft1.13\')" >\n        错误</a>\n\n    <div id=\'div_ft1.13\' class="popup_window">\n        <div style=\'text-align: right; color:red;cursor:pointer\'>\n            <a onfocus=\'this.blur();\' onclick="document.getElementById(\'div_ft1.13\').style.display = \'none\' " >\n               [x]</a>\n        </div>\n        <pre>ft1.13: Traceback (most recent call last):\n  File "E:/Auto-interface/TestCase/Infrastructure/infrastructure_case.py", line 60, in tearDown\n    num += 1\nNameError: name \'num\' is not defined\n</pre>\n    </div>\n    <!--css div popup end-->\n\n    </td>\n    <td>无截图</td>\n</tr>\n\n        <tr id=\'total_row\'>\n            <td>总计</td>\n            <td>13</td>\n            <td>0</td>\n            <td>2</td>\n            <td>11</td>\n            <td>&nbsp;</td>\n            <th>&nbsp;</th>\n        </tr>\n    </table>\n    </div>\n', 'fail': '2', 'error': '11'}, {'startTime': '2020-07-10 17:58:32', 'duration': '0:00:00.151596', 'title': 'My unit test', 'status': '错误 22', 'desc': 'This demonstrates the report output by HTMLTestRunner.', 'data': '\n    <div id="btn-group">\n    <div class="btn-group btn-group-sm">\n        <a class="btn btn-primary" onclick=\'javascript:showCase(0)\'>概要{ 0.00% }</a>\n        <a class="btn btn-warning" onclick=\'javascript:showCase(4)\'>错误{ 22 }</a>\n        <a class="btn btn-danger" onclick=\'javascript:showCase(1)\'>失败{ 0 }</a>\n        <a class="btn btn-success" onclick=\'javascript:showCase(2)\'>通过{ 0 }</a>\n        <a class="btn btn-info" onclick=\'javascript:showCase(3)\'>所有{ 22 }</a>\n    </div>\n    <p></p>\n    <table id=\'result_table\' class="table table-bordered">\n        <colgroup>\n            <col align=\'left\' />\n            <col align=\'right\' />\n            <col align=\'right\' />\n            <col align=\'right\' />\n            <col align=\'right\' />\n            <col align=\'right\' />\n            <col align=\'right\' />\n        </colgroup>\n        <tr id=\'header_row\'>\n            <td>测试套件/测试用例</td>\n            <td>总数</td>\n            <td>通过</td>\n            <td>失败</td>\n            <td>错误</td>\n            <th>视图</th>\n            <th>错误截图</th>\n        </tr>\n        \n    <tr class=\'errorClass\'>\n        <td>InfrastructureCase</td>\n        <td>22</td>\n        <td>0</td>\n        <td>0</td>\n        <td>22</td>\n        <td><a href="javascript:showClassDetail(\'c1\',22)">详情</a></td>\n        <td>&nbsp;</td>\n    </tr>\n\n<tr id=\'ft1.1\' class=\'none\'>\n    <td class=\'errorCase\'><div class=\'testcase\'>test_infrastructure_add_1</div></td>\n    <td colspan=\'5\' align=\'center\'>\n\n    <!--css div popup start-->\n    <a class="popup_link" onfocus=\'this.blur();\' href="javascript:showTestDetail(\'div_ft1.1\')" >\n        错误</a>\n\n    <div id=\'div_ft1.1\' class="popup_window">\n        <div style=\'text-align: right; color:red;cursor:pointer\'>\n            <a onfocus=\'this.blur();\' onclick="document.getElementById(\'div_ft1.1\').style.display = \'none\' " >\n               [x]</a>\n        </div>\n        <pre>ft1.1: Traceback (most recent call last):\n  File "C:\\Users\\lll\\AppData\\Local\\Programs\\Python\\Python38-32\\lib\\site-packages\\ddt.py", line 145, in wrapper\n    return func(self, *args, **kwargs)\n  File "E:/Auto-interface/TestCase/Infrastructure/infrastructure_case.py", line 37, in test_infrastructure_add\n    raise e\n  File "E:/Auto-interface/TestCase/Infrastructure/infrastructure_case.py", line 31, in test_infrastructure_add\n    excel_data_1 = GetExcelCase(fileName=r\'E:\\Auto-interface\\data\\infrastructure\\infrastructure_case.xlsx\', sheetName=\'楼栋房屋新增\').get_dict_data[num]\nNameError: name \'num\' is not defined\n</pre>\n    </div>\n    <!--css div popup end-->\n\n    </td>\n    <td>无截图</td>\n</tr>\n\n<tr id=\'ft1.2\' class=\'none\'>\n    <td class=\'errorCase\'><div class=\'testcase\'>test_infrastructure_add_1</div></td>\n    <td colspan=\'5\' align=\'center\'>\n\n    <!--css div popup start-->\n    <a class="popup_link" onfocus=\'this.blur();\' href="javascript:showTestDetail(\'div_ft1.2\')" >\n        错误</a>\n\n    <div id=\'div_ft1.2\' class="popup_window">\n        <div style=\'text-align: right; color:red;cursor:pointer\'>\n            <a onfocus=\'this.blur();\' onclick="document.getElementById(\'div_ft1.2\').style.display = \'none\' " >\n               [x]</a>\n        </div>\n        <pre>ft1.2: Traceback (most recent call last):\n  File "E:/Auto-interface/TestCase/Infrastructure/infrastructure_case.py", line 60, in tearDown\n    num += 1\nNameError: name \'num\' is not defined\n</pre>\n    </div>\n    <!--css div popup end-->\n\n    </td>\n    <td>无截图</td>\n</tr>\n\n<tr id=\'ft1.3\' class=\'none\'>\n    <td class=\'errorCase\'><div class=\'testcase\'>test_infrastructure_add_10</div></td>\n    <td colspan=\'5\' align=\'center\'>\n\n    <!--css div popup start-->\n    <a class="popup_link" onfocus=\'this.blur();\' href="javascript:showTestDetail(\'div_ft1.3\')" >\n        错误</a>\n\n    <div id=\'div_ft1.3\' class="popup_window">\n        <div style=\'text-align: right; color:red;cursor:pointer\'>\n            <a onfocus=\'this.blur();\' onclick="document.getElementById(\'div_ft1.3\').style.display = \'none\' " >\n               [x]</a>\n        </div>\n        <pre>ft1.3: Traceback (most recent call last):\n  File "C:\\Users\\lll\\AppData\\Local\\Programs\\Python\\Python38-32\\lib\\site-packages\\ddt.py", line 145, in wrapper\n    return func(self, *args, **kwargs)\n  File "E:/Auto-interface/TestCase/Infrastructure/infrastructure_case.py", line 37, in test_infrastructure_add\n    raise e\n  File "E:/Auto-interface/TestCase/Infrastructure/infrastructure_case.py", line 31, in test_infrastructure_add\n    excel_data_1 = GetExcelCase(fileName=r\'E:\\Auto-interface\\data\\infrastructure\\infrastructure_case.xlsx\', sheetName=\'楼栋房屋新增\').get_dict_data[num]\nNameError: name \'num\' is not defined\n</pre>\n    </div>\n    <!--css div popup end-->\n\n    </td>\n    <td>无截图</td>\n</tr>\n\n<tr id=\'ft1.4\' class=\'none\'>\n    <td class=\'errorCase\'><div class=\'testcase\'>test_infrastructure_add_10</div></td>\n    <td colspan=\'5\' align=\'center\'>\n\n    <!--css div popup start-->\n    <a class="popup_link" onfocus=\'this.blur();\' href="javascript:showTestDetail(\'div_ft1.4\')" >\n        错误</a>\n\n    <div id=\'div_ft1.4\' class="popup_window">\n        <div style=\'text-align: right; color:red;cursor:pointer\'>\n            <a onfocus=\'this.blur();\' onclick="document.getElementById(\'div_ft1.4\').style.display = \'none\' " >\n               [x]</a>\n        </div>\n        <pre>ft1.4: Traceback (most recent call last):\n  File "E:/Auto-interface/TestCase/Infrastructure/infrastructure_case.py", line 60, in tearDown\n    num += 1\nNameError: name \'num\' is not defined\n</pre>\n    </div>\n    <!--css div popup end-->\n\n    </td>\n    <td>无截图</td>\n</tr>\n\n<tr id=\'ft1.5\' class=\'none\'>\n    <td class=\'errorCase\'><div class=\'testcase\'>test_infrastructure_add_11</div></td>\n    <td colspan=\'5\' align=\'center\'>\n\n    <!--css div popup start-->\n    <a class="popup_link" onfocus=\'this.blur();\' href="javascript:showTestDetail(\'div_ft1.5\')" >\n        错误</a>\n\n    <div id=\'div_ft1.5\' class="popup_window">\n        <div style=\'text-align: right; color:red;cursor:pointer\'>\n            <a onfocus=\'this.blur();\' onclick="document.getElementById(\'div_ft1.5\').style.display = \'none\' " >\n               [x]</a>\n        </div>\n        <pre>ft1.5: Traceback (most recent call last):\n  File "C:\\Users\\lll\\AppData\\Local\\Programs\\Python\\Python38-32\\lib\\site-packages\\ddt.py", line 145, in wrapper\n    return func(self, *args, **kwargs)\n  File "E:/Auto-interface/TestCase/Infrastructure/infrastructure_case.py", line 37, in test_infrastructure_add\n    raise e\n  File "E:/Auto-interface/TestCase/Infrastructure/infrastructure_case.py", line 31, in test_infrastructure_add\n    excel_data_1 = GetExcelCase(fileName=r\'E:\\Auto-interface\\data\\infrastructure\\infrastructure_case.xlsx\', sheetName=\'楼栋房屋新增\').get_dict_data[num]\nNameError: name \'num\' is not defined\n</pre>\n    </div>\n    <!--css div popup end-->\n\n    </td>\n    <td>无截图</td>\n</tr>\n\n<tr id=\'ft1.6\' class=\'none\'>\n    <td class=\'errorCase\'><div class=\'testcase\'>test_infrastructure_add_11</div></td>\n    <td colspan=\'5\' align=\'center\'>\n\n    <!--css div popup start-->\n    <a class="popup_link" onfocus=\'this.blur();\' href="javascript:showTestDetail(\'div_ft1.6\')" >\n        错误</a>\n\n    <div id=\'div_ft1.6\' class="popup_window">\n        <div style=\'text-align: right; color:red;cursor:pointer\'>\n            <a onfocus=\'this.blur();\' onclick="document.getElementById(\'div_ft1.6\').style.display = \'none\' " >\n               [x]</a>\n        </div>\n        <pre>ft1.6: Traceback (most recent call last):\n  File "E:/Auto-interface/TestCase/Infrastructure/infrastructure_case.py", line 60, in tearDown\n    num += 1\nNameError: name \'num\' is not defined\n</pre>\n    </div>\n    <!--css div popup end-->\n\n    </td>\n    <td>无截图</td>\n</tr>\n\n<tr id=\'ft1.7\' class=\'none\'>\n    <td class=\'errorCase\'><div class=\'testcase\'>test_infrastructure_add_2</div></td>\n    <td colspan=\'5\' align=\'center\'>\n\n    <!--css div popup start-->\n    <a class="popup_link" onfocus=\'this.blur();\' href="javascript:showTestDetail(\'div_ft1.7\')" >\n        错误</a>\n\n    <div id=\'div_ft1.7\' class="popup_window">\n        <div style=\'text-align: right; color:red;cursor:pointer\'>\n            <a onfocus=\'this.blur();\' onclick="document.getElementById(\'div_ft1.7\').style.display = \'none\' " >\n               [x]</a>\n        </div>\n        <pre>ft1.7: Traceback (most recent call last):\n  File "C:\\Users\\lll\\AppData\\Local\\Programs\\Python\\Python38-32\\lib\\site-packages\\ddt.py", line 145, in wrapper\n    return func(self, *args, **kwargs)\n  File "E:/Auto-interface/TestCase/Infrastructure/infrastructure_case.py", line 37, in test_infrastructure_add\n    raise e\n  File "E:/Auto-interface/TestCase/Infrastructure/infrastructure_case.py", line 31, in test_infrastructure_add\n    excel_data_1 = GetExcelCase(fileName=r\'E:\\Auto-interface\\data\\infrastructure\\infrastructure_case.xlsx\', sheetName=\'楼栋房屋新增\').get_dict_data[num]\nNameError: name \'num\' is not defined\n</pre>\n    </div>\n    <!--css div popup end-->\n\n    </td>\n    <td>无截图</td>\n</tr>\n\n<tr id=\'ft1.8\' class=\'none\'>\n    <td class=\'errorCase\'><div class=\'testcase\'>test_infrastructure_add_2</div></td>\n    <td colspan=\'5\' align=\'center\'>\n\n    <!--css div popup start-->\n    <a class="popup_link" onfocus=\'this.blur();\' href="javascript:showTestDetail(\'div_ft1.8\')" >\n        错误</a>\n\n    <div id=\'div_ft1.8\' class="popup_window">\n        <div style=\'text-align: right; color:red;cursor:pointer\'>\n            <a onfocus=\'this.blur();\' onclick="document.getElementById(\'div_ft1.8\').style.display = \'none\' " >\n               [x]</a>\n        </div>\n        <pre>ft1.8: Traceback (most recent call last):\n  File "E:/Auto-interface/TestCase/Infrastructure/infrastructure_case.py", line 60, in tearDown\n    num += 1\nNameError: name \'num\' is not defined\n</pre>\n    </div>\n    <!--css div popup end-->\n\n    </td>\n    <td>无截图</td>\n</tr>\n\n<tr id=\'ft1.9\' class=\'none\'>\n    <td class=\'errorCase\'><div class=\'testcase\'>test_infrastructure_add_3</div></td>\n    <td colspan=\'5\' align=\'center\'>\n\n    <!--css div popup start-->\n    <a class="popup_link" onfocus=\'this.blur();\' href="javascript:showTestDetail(\'div_ft1.9\')" >\n        错误</a>\n\n    <div id=\'div_ft1.9\' class="popup_window">\n        <div style=\'text-align: right; color:red;cursor:pointer\'>\n            <a onfocus=\'this.blur();\' onclick="document.getElementById(\'div_ft1.9\').style.display = \'none\' " >\n               [x]</a>\n        </div>\n        <pre>ft1.9: Traceback (most recent call last):\n  File "C:\\Users\\lll\\AppData\\Local\\Programs\\Python\\Python38-32\\lib\\site-packages\\ddt.py", line 145, in wrapper\n    return func(self, *args, **kwargs)\n  File "E:/Auto-interface/TestCase/Infrastructure/infrastructure_case.py", line 37, in test_infrastructure_add\n    raise e\n  File "E:/Auto-interface/TestCase/Infrastructure/infrastructure_case.py", line 31, in test_infrastructure_add\n    excel_data_1 = GetExcelCase(fileName=r\'E:\\Auto-interface\\data\\infrastructure\\infrastructure_case.xlsx\', sheetName=\'楼栋房屋新增\').get_dict_data[num]\nNameError: name \'num\' is not defined\n</pre>\n    </div>\n    <!--css div popup end-->\n\n    </td>\n    <td>无截图</td>\n</tr>\n\n<tr id=\'ft1.10\' class=\'none\'>\n    <td class=\'errorCase\'><div class=\'testcase\'>test_infrastructure_add_3</div></td>\n    <td colspan=\'5\' align=\'center\'>\n\n    <!--css div popup start-->\n    <a class="popup_link" onfocus=\'this.blur();\' href="javascript:showTestDetail(\'div_ft1.10\')" >\n        错误</a>\n\n    <div id=\'div_ft1.10\' class="popup_window">\n        <div style=\'text-align: right; color:red;cursor:pointer\'>\n            <a onfocus=\'this.blur();\' onclick="document.getElementById(\'div_ft1.10\').style.display = \'none\' " >\n               [x]</a>\n        </div>\n        <pre>ft1.10: Traceback (most recent call last):\n  File "E:/Auto-interface/TestCase/Infrastructure/infrastructure_case.py", line 60, in tearDown\n    num += 1\nNameError: name \'num\' is not defined\n</pre>\n    </div>\n    <!--css div popup end-->\n\n    </td>\n    <td>无截图</td>\n</tr>\n\n<tr id=\'ft1.11\' class=\'none\'>\n    <td class=\'errorCase\'><div class=\'testcase\'>test_infrastructure_add_4</div></td>\n    <td colspan=\'5\' align=\'center\'>\n\n    <!--css div popup start-->\n    <a class="popup_link" onfocus=\'this.blur();\' href="javascript:showTestDetail(\'div_ft1.11\')" >\n        错误</a>\n\n    <div id=\'div_ft1.11\' class="popup_window">\n        <div style=\'text-align: right; color:red;cursor:pointer\'>\n            <a onfocus=\'this.blur();\' onclick="document.getElementById(\'div_ft1.11\').style.display = \'none\' " >\n               [x]</a>\n        </div>\n        <pre>ft1.11: Traceback (most recent call last):\n  File "C:\\Users\\lll\\AppData\\Local\\Programs\\Python\\Python38-32\\lib\\site-packages\\ddt.py", line 145, in wrapper\n    return func(self, *args, **kwargs)\n  File "E:/Auto-interface/TestCase/Infrastructure/infrastructure_case.py", line 37, in test_infrastructure_add\n    raise e\n  File "E:/Auto-interface/TestCase/Infrastructure/infrastructure_case.py", line 31, in test_infrastructure_add\n    excel_data_1 = GetExcelCase(fileName=r\'E:\\Auto-interface\\data\\infrastructure\\infrastructure_case.xlsx\', sheetName=\'楼栋房屋新增\').get_dict_data[num]\nNameError: name \'num\' is not defined\n</pre>\n    </div>\n    <!--css div popup end-->\n\n    </td>\n    <td>无截图</td>\n</tr>\n\n<tr id=\'ft1.12\' class=\'none\'>\n    <td class=\'errorCase\'><div class=\'testcase\'>test_infrastructure_add_4</div></td>\n    <td colspan=\'5\' align=\'center\'>\n\n    <!--css div popup start-->\n    <a class="popup_link" onfocus=\'this.blur();\' href="javascript:showTestDetail(\'div_ft1.12\')" >\n        错误</a>\n\n    <div id=\'div_ft1.12\' class="popup_window">\n        <div style=\'text-align: right; color:red;cursor:pointer\'>\n            <a onfocus=\'this.blur();\' onclick="document.getElementById(\'div_ft1.12\').style.display = \'none\' " >\n               [x]</a>\n        </div>\n        <pre>ft1.12: Traceback (most recent call last):\n  File "E:/Auto-interface/TestCase/Infrastructure/infrastructure_case.py", line 60, in tearDown\n    num += 1\nNameError: name \'num\' is not defined\n</pre>\n    </div>\n    <!--css div popup end-->\n\n    </td>\n    <td>无截图</td>\n</tr>\n\n<tr id=\'ft1.13\' class=\'none\'>\n    <td class=\'errorCase\'><div class=\'testcase\'>test_infrastructure_add_5</div></td>\n    <td colspan=\'5\' align=\'center\'>\n\n    <!--css div popup start-->\n    <a class="popup_link" onfocus=\'this.blur();\' href="javascript:showTestDetail(\'div_ft1.13\')" >\n        错误</a>\n\n    <div id=\'div_ft1.13\' class="popup_window">\n        <div style=\'text-align: right; color:red;cursor:pointer\'>\n            <a onfocus=\'this.blur();\' onclick="document.getElementById(\'div_ft1.13\').style.display = \'none\' " >\n               [x]</a>\n        </div>\n        <pre>ft1.13: Traceback (most recent call last):\n  File "C:\\Users\\lll\\AppData\\Local\\Programs\\Python\\Python38-32\\lib\\site-packages\\ddt.py", line 145, in wrapper\n    return func(self, *args, **kwargs)\n  File "E:/Auto-interface/TestCase/Infrastructure/infrastructure_case.py", line 37, in test_infrastructure_add\n    raise e\n  File "E:/Auto-interface/TestCase/Infrastructure/infrastructure_case.py", line 31, in test_infrastructure_add\n    excel_data_1 = GetExcelCase(fileName=r\'E:\\Auto-interface\\data\\infrastructure\\infrastructure_case.xlsx\', sheetName=\'楼栋房屋新增\').get_dict_data[num]\nNameError: name \'num\' is not defined\n</pre>\n    </div>\n    <!--css div popup end-->\n\n    </td>\n    <td>无截图</td>\n</tr>\n\n<tr id=\'ft1.14\' class=\'none\'>\n    <td class=\'errorCase\'><div class=\'testcase\'>test_infrastructure_add_5</div></td>\n    <td colspan=\'5\' align=\'center\'>\n\n    <!--css div popup start-->\n    <a class="popup_link" onfocus=\'this.blur();\' href="javascript:showTestDetail(\'div_ft1.14\')" >\n        错误</a>\n\n    <div id=\'div_ft1.14\' class="popup_window">\n        <div style=\'text-align: right; color:red;cursor:pointer\'>\n            <a onfocus=\'this.blur();\' onclick="document.getElementById(\'div_ft1.14\').style.display = \'none\' " >\n               [x]</a>\n        </div>\n        <pre>ft1.14: Traceback (most recent call last):\n  File "E:/Auto-interface/TestCase/Infrastructure/infrastructure_case.py", line 60, in tearDown\n    num += 1\nNameError: name \'num\' is not defined\n</pre>\n    </div>\n    <!--css div popup end-->\n\n    </td>\n    <td>无截图</td>\n</tr>\n\n<tr id=\'ft1.15\' class=\'none\'>\n    <td class=\'errorCase\'><div class=\'testcase\'>test_infrastructure_add_6</div></td>\n    <td colspan=\'5\' align=\'center\'>\n\n    <!--css div popup start-->\n    <a class="popup_link" onfocus=\'this.blur();\' href="javascript:showTestDetail(\'div_ft1.15\')" >\n        错误</a>\n\n    <div id=\'div_ft1.15\' class="popup_window">\n        <div style=\'text-align: right; color:red;cursor:pointer\'>\n            <a onfocus=\'this.blur();\' onclick="document.getElementById(\'div_ft1.15\').style.display = \'none\' " >\n               [x]</a>\n        </div>\n        <pre>ft1.15: Traceback (most recent call last):\n  File "C:\\Users\\lll\\AppData\\Local\\Programs\\Python\\Python38-32\\lib\\site-packages\\ddt.py", line 145, in wrapper\n    return func(self, *args, **kwargs)\n  File "E:/Auto-interface/TestCase/Infrastructure/infrastructure_case.py", line 37, in test_infrastructure_add\n    raise e\n  File "E:/Auto-interface/TestCase/Infrastructure/infrastructure_case.py", line 31, in test_infrastructure_add\n    excel_data_1 = GetExcelCase(fileName=r\'E:\\Auto-interface\\data\\infrastructure\\infrastructure_case.xlsx\', sheetName=\'楼栋房屋新增\').get_dict_data[num]\nNameError: name \'num\' is not defined\n</pre>\n    </div>\n    <!--css div popup end-->\n\n    </td>\n    <td>无截图</td>\n</tr>\n\n<tr id=\'ft1.16\' class=\'none\'>\n    <td class=\'errorCase\'><div class=\'testcase\'>test_infrastructure_add_6</div></td>\n    <td colspan=\'5\' align=\'center\'>\n\n    <!--css div popup start-->\n    <a class="popup_link" onfocus=\'this.blur();\' href="javascript:showTestDetail(\'div_ft1.16\')" >\n        错误</a>\n\n    <div id=\'div_ft1.16\' class="popup_window">\n        <div style=\'text-align: right; color:red;cursor:pointer\'>\n            <a onfocus=\'this.blur();\' onclick="document.getElementById(\'div_ft1.16\').style.display = \'none\' " >\n               [x]</a>\n        </div>\n        <pre>ft1.16: Traceback (most recent call last):\n  File "E:/Auto-interface/TestCase/Infrastructure/infrastructure_case.py", line 60, in tearDown\n    num += 1\nNameError: name \'num\' is not defined\n</pre>\n    </div>\n    <!--css div popup end-->\n\n    </td>\n    <td>无截图</td>\n</tr>\n\n<tr id=\'ft1.17\' class=\'none\'>\n    <td class=\'errorCase\'><div class=\'testcase\'>test_infrastructure_add_7</div></td>\n    <td colspan=\'5\' align=\'center\'>\n\n    <!--css div popup start-->\n    <a class="popup_link" onfocus=\'this.blur();\' href="javascript:showTestDetail(\'div_ft1.17\')" >\n        错误</a>\n\n    <div id=\'div_ft1.17\' class="popup_window">\n        <div style=\'text-align: right; color:red;cursor:pointer\'>\n            <a onfocus=\'this.blur();\' onclick="document.getElementById(\'div_ft1.17\').style.display = \'none\' " >\n               [x]</a>\n        </div>\n        <pre>ft1.17: Traceback (most recent call last):\n  File "C:\\Users\\lll\\AppData\\Local\\Programs\\Python\\Python38-32\\lib\\site-packages\\ddt.py", line 145, in wrapper\n    return func(self, *args, **kwargs)\n  File "E:/Auto-interface/TestCase/Infrastructure/infrastructure_case.py", line 37, in test_infrastructure_add\n    raise e\n  File "E:/Auto-interface/TestCase/Infrastructure/infrastructure_case.py", line 31, in test_infrastructure_add\n    excel_data_1 = GetExcelCase(fileName=r\'E:\\Auto-interface\\data\\infrastructure\\infrastructure_case.xlsx\', sheetName=\'楼栋房屋新增\').get_dict_data[num]\nNameError: name \'num\' is not defined\n</pre>\n    </div>\n    <!--css div popup end-->\n\n    </td>\n    <td>无截图</td>\n</tr>\n\n<tr id=\'ft1.18\' class=\'none\'>\n    <td class=\'errorCase\'><div class=\'testcase\'>test_infrastructure_add_7</div></td>\n    <td colspan=\'5\' align=\'center\'>\n\n    <!--css div popup start-->\n    <a class="popup_link" onfocus=\'this.blur();\' href="javascript:showTestDetail(\'div_ft1.18\')" >\n        错误</a>\n\n    <div id=\'div_ft1.18\' class="popup_window">\n        <div style=\'text-align: right; color:red;cursor:pointer\'>\n            <a onfocus=\'this.blur();\' onclick="document.getElementById(\'div_ft1.18\').style.display = \'none\' " >\n               [x]</a>\n        </div>\n        <pre>ft1.18: Traceback (most recent call last):\n  File "E:/Auto-interface/TestCase/Infrastructure/infrastructure_case.py", line 60, in tearDown\n    num += 1\nNameError: name \'num\' is not defined\n</pre>\n    </div>\n    <!--css div popup end-->\n\n    </td>\n    <td>无截图</td>\n</tr>\n\n<tr id=\'ft1.19\' class=\'none\'>\n    <td class=\'errorCase\'><div class=\'testcase\'>test_infrastructure_add_8</div></td>\n    <td colspan=\'5\' align=\'center\'>\n\n    <!--css div popup start-->\n    <a class="popup_link" onfocus=\'this.blur();\' href="javascript:showTestDetail(\'div_ft1.19\')" >\n        错误</a>\n\n    <div id=\'div_ft1.19\' class="popup_window">\n        <div style=\'text-align: right; color:red;cursor:pointer\'>\n            <a onfocus=\'this.blur();\' onclick="document.getElementById(\'div_ft1.19\').style.display = \'none\' " >\n               [x]</a>\n        </div>\n        <pre>ft1.19: Traceback (most recent call last):\n  File "C:\\Users\\lll\\AppData\\Local\\Programs\\Python\\Python38-32\\lib\\site-packages\\ddt.py", line 145, in wrapper\n    return func(self, *args, **kwargs)\n  File "E:/Auto-interface/TestCase/Infrastructure/infrastructure_case.py", line 37, in test_infrastructure_add\n    raise e\n  File "E:/Auto-interface/TestCase/Infrastructure/infrastructure_case.py", line 31, in test_infrastructure_add\n    excel_data_1 = GetExcelCase(fileName=r\'E:\\Auto-interface\\data\\infrastructure\\infrastructure_case.xlsx\', sheetName=\'楼栋房屋新增\').get_dict_data[num]\nNameError: name \'num\' is not defined\n</pre>\n    </div>\n    <!--css div popup end-->\n\n    </td>\n    <td>无截图</td>\n</tr>\n\n<tr id=\'ft1.20\' class=\'none\'>\n    <td class=\'errorCase\'><div class=\'testcase\'>test_infrastructure_add_8</div></td>\n    <td colspan=\'5\' align=\'center\'>\n\n    <!--css div popup start-->\n    <a class="popup_link" onfocus=\'this.blur();\' href="javascript:showTestDetail(\'div_ft1.20\')" >\n        错误</a>\n\n    <div id=\'div_ft1.20\' class="popup_window">\n        <div style=\'text-align: right; color:red;cursor:pointer\'>\n            <a onfocus=\'this.blur();\' onclick="document.getElementById(\'div_ft1.20\').style.display = \'none\' " >\n               [x]</a>\n        </div>\n        <pre>ft1.20: Traceback (most recent call last):\n  File "E:/Auto-interface/TestCase/Infrastructure/infrastructure_case.py", line 60, in tearDown\n    num += 1\nNameError: name \'num\' is not defined\n</pre>\n    </div>\n    <!--css div popup end-->\n\n    </td>\n    <td>无截图</td>\n</tr>\n\n<tr id=\'ft1.21\' class=\'none\'>\n    <td class=\'errorCase\'><div class=\'testcase\'>test_infrastructure_add_9</div></td>\n    <td colspan=\'5\' align=\'center\'>\n\n    <!--css div popup start-->\n    <a class="popup_link" onfocus=\'this.blur();\' href="javascript:showTestDetail(\'div_ft1.21\')" >\n        错误</a>\n\n    <div id=\'div_ft1.21\' class="popup_window">\n        <div style=\'text-align: right; color:red;cursor:pointer\'>\n            <a onfocus=\'this.blur();\' onclick="document.getElementById(\'div_ft1.21\').style.display = \'none\' " >\n               [x]</a>\n        </div>\n        <pre>ft1.21: Traceback (most recent call last):\n  File "C:\\Users\\lll\\AppData\\Local\\Programs\\Python\\Python38-32\\lib\\site-packages\\ddt.py", line 145, in wrapper\n    return func(self, *args, **kwargs)\n  File "E:/Auto-interface/TestCase/Infrastructure/infrastructure_case.py", line 37, in test_infrastructure_add\n    raise e\n  File "E:/Auto-interface/TestCase/Infrastructure/infrastructure_case.py", line 31, in test_infrastructure_add\n    excel_data_1 = GetExcelCase(fileName=r\'E:\\Auto-interface\\data\\infrastructure\\infrastructure_case.xlsx\', sheetName=\'楼栋房屋新增\').get_dict_data[num]\nNameError: name \'num\' is not defined\n</pre>\n    </div>\n    <!--css div popup end-->\n\n    </td>\n    <td>无截图</td>\n</tr>\n\n<tr id=\'ft1.22\' class=\'none\'>\n    <td class=\'errorCase\'><div class=\'testcase\'>test_infrastructure_add_9</div></td>\n    <td colspan=\'5\' align=\'center\'>\n\n    <!--css div popup start-->\n    <a class="popup_link" onfocus=\'this.blur();\' href="javascript:showTestDetail(\'div_ft1.22\')" >\n        错误</a>\n\n    <div id=\'div_ft1.22\' class="popup_window">\n        <div style=\'text-align: right; color:red;cursor:pointer\'>\n            <a onfocus=\'this.blur();\' onclick="document.getElementById(\'div_ft1.22\').style.display = \'none\' " >\n               [x]</a>\n        </div>\n        <pre>ft1.22: Traceback (most recent call last):\n  File "E:/Auto-interface/TestCase/Infrastructure/infrastructure_case.py", line 60, in tearDown\n    num += 1\nNameError: name \'num\' is not defined\n</pre>\n    </div>\n    <!--css div popup end-->\n\n    </td>\n    <td>无截图</td>\n</tr>\n\n        <tr id=\'total_row\'>\n            <td>总计</td>\n            <td>22</td>\n            <td>0</td>\n            <td>0</td>\n            <td>22</td>\n            <td>&nbsp;</td>\n            <th>&nbsp;</th>\n        </tr>\n    </table>\n    </div>\n', 'error': '22'}, {'startTime': '2020-07-10 17:59:42', 'duration': '0:00:07.164877', 'title': 'My unit test', 'status': '通过 11', 'desc': 'This demonstrates the report output by HTMLTestRunner.', 'data': '\n    <div id="btn-group">\n    <div class="btn-group btn-group-sm">\n        <a class="btn btn-primary" onclick=\'javascript:showCase(0)\'>概要{ 100.00% }</a>\n        <a class="btn btn-warning" onclick=\'javascript:showCase(4)\'>错误{ 0 }</a>\n        <a class="btn btn-danger" onclick=\'javascript:showCase(1)\'>失败{ 0 }</a>\n        <a class="btn btn-success" onclick=\'javascript:showCase(2)\'>通过{ 11 }</a>\n        <a class="btn btn-info" onclick=\'javascript:showCase(3)\'>所有{ 11 }</a>\n    </div>\n    <p></p>\n    <table id=\'result_table\' class="table table-bordered">\n        <colgroup>\n            <col align=\'left\' />\n            <col align=\'right\' />\n            <col align=\'right\' />\n            <col align=\'right\' />\n            <col align=\'right\' />\n            <col align=\'right\' />\n            <col align=\'right\' />\n        </colgroup>\n        <tr id=\'header_row\'>\n            <td>测试套件/测试用例</td>\n            <td>总数</td>\n            <td>通过</td>\n            <td>失败</td>\n            <td>错误</td>\n            <th>视图</th>\n            <th>错误截图</th>\n        </tr>\n        \n    <tr class=\'passClass\'>\n        <td>InfrastructureCase</td>\n        <td>11</td>\n        <td>11</td>\n        <td>0</td>\n        <td>0</td>\n        <td><a href="javascript:showClassDetail(\'c1\',11)">详情</a></td>\n        <td>&nbsp;</td>\n    </tr>\n\n<tr id=\'pt1.1\' class=\'hiddenRow\'>\n    <td class=\'passCase\'><div class=\'testcase\'>test_infrastructure_add_1</div></td>\n    <td colspan=\'5\' align=\'center\'>通过</td>\n    <td>无截图</td>\n</tr>\n\n<tr id=\'pt1.2\' class=\'hiddenRow\'>\n    <td class=\'passCase\'><div class=\'testcase\'>test_infrastructure_add_10</div></td>\n    <td colspan=\'5\' align=\'center\'>通过</td>\n    <td>无截图</td>\n</tr>\n\n<tr id=\'pt1.3\' class=\'hiddenRow\'>\n    <td class=\'passCase\'><div class=\'testcase\'>test_infrastructure_add_11</div></td>\n    <td colspan=\'5\' align=\'center\'>通过</td>\n    <td>无截图</td>\n</tr>\n\n<tr id=\'pt1.4\' class=\'hiddenRow\'>\n    <td class=\'passCase\'><div class=\'testcase\'>test_infrastructure_add_2</div></td>\n    <td colspan=\'5\' align=\'center\'>通过</td>\n    <td>无截图</td>\n</tr>\n\n<tr id=\'pt1.5\' class=\'hiddenRow\'>\n    <td class=\'passCase\'><div class=\'testcase\'>test_infrastructure_add_3</div></td>\n    <td colspan=\'5\' align=\'center\'>通过</td>\n    <td>无截图</td>\n</tr>\n\n<tr id=\'pt1.6\' class=\'hiddenRow\'>\n    <td class=\'passCase\'><div class=\'testcase\'>test_infrastructure_add_4</div></td>\n    <td colspan=\'5\' align=\'center\'>通过</td>\n    <td>无截图</td>\n</tr>\n\n<tr id=\'pt1.7\' class=\'hiddenRow\'>\n    <td class=\'passCase\'><div class=\'testcase\'>test_infrastructure_add_5</div></td>\n    <td colspan=\'5\' align=\'center\'>通过</td>\n    <td>无截图</td>\n</tr>\n\n<tr id=\'pt1.8\' class=\'hiddenRow\'>\n    <td class=\'passCase\'><div class=\'testcase\'>test_infrastructure_add_6</div></td>\n    <td colspan=\'5\' align=\'center\'>通过</td>\n    <td>无截图</td>\n</tr>\n\n<tr id=\'pt1.9\' class=\'hiddenRow\'>\n    <td class=\'passCase\'><div class=\'testcase\'>test_infrastructure_add_7</div></td>\n    <td colspan=\'5\' align=\'center\'>通过</td>\n    <td>无截图</td>\n</tr>\n\n<tr id=\'pt1.10\' class=\'hiddenRow\'>\n    <td class=\'passCase\'><div class=\'testcase\'>test_infrastructure_add_8</div></td>\n    <td colspan=\'5\' align=\'center\'>通过</td>\n    <td>无截图</td>\n</tr>\n\n<tr id=\'pt1.11\' class=\'hiddenRow\'>\n    <td class=\'passCase\'><div class=\'testcase\'>test_infrastructure_add_9</div></td>\n    <td colspan=\'5\' align=\'center\'>通过</td>\n    <td>无截图</td>\n</tr>\n\n        <tr id=\'total_row\'>\n            <td>总计</td>\n            <td>11</td>\n            <td>11</td>\n            <td>0</td>\n            <td>0</td>\n            <td>&nbsp;</td>\n            <th>&nbsp;</th>\n        </tr>\n    </table>\n    </div>\n', 'success': '11'}, {'startTime': '2020-07-10 18:21:37', 'duration': '0:00:00.170545', 'title': 'My unit test', 'status': '通过 4', 'desc': 'This demonstrates the report output by HTMLTestRunner.', 'data': '\n    <div id="btn-group">\n    <div class="btn-group btn-group-sm">\n        <a class="btn btn-primary" onclick=\'javascript:showCase(0)\'>概要{ 100.00% }</a>\n        <a class="btn btn-warning" onclick=\'javascript:showCase(4)\'>错误{ 0 }</a>\n        <a class="btn btn-danger" onclick=\'javascript:showCase(1)\'>失败{ 0 }</a>\n        <a class="btn btn-success" onclick=\'javascript:showCase(2)\'>通过{ 4 }</a>\n        <a class="btn btn-info" onclick=\'javascript:showCase(3)\'>所有{ 4 }</a>\n    </div>\n    <p></p>\n    <table id=\'result_table\' class="table table-bordered">\n        <colgroup>\n            <col align=\'left\' />\n            <col align=\'right\' />\n            <col align=\'right\' />\n            <col align=\'right\' />\n            <col align=\'right\' />\n            <col align=\'right\' />\n            <col align=\'right\' />\n        </colgroup>\n        <tr id=\'header_row\'>\n            <td>测试套件/测试用例</td>\n            <td>总数</td>\n            <td>通过</td>\n            <td>失败</td>\n            <td>错误</td>\n            <th>视图</th>\n            <th>错误截图</th>\n        </tr>\n        \n    <tr class=\'passClass\'>\n        <td>InfrastructureCase</td>\n        <td>4</td>\n        <td>4</td>\n        <td>0</td>\n        <td>0</td>\n        <td><a href="javascript:showClassDetail(\'c1\',4)">详情</a></td>\n        <td>&nbsp;</td>\n    </tr>\n\n<tr id=\'pt1.1\' class=\'hiddenRow\'>\n    <td class=\'passCase\'><div class=\'testcase\'>test_infrastructure_query_1</div></td>\n    <td colspan=\'5\' align=\'center\'>通过</td>\n    <td>无截图</td>\n</tr>\n\n<tr id=\'pt1.2\' class=\'hiddenRow\'>\n    <td class=\'passCase\'><div class=\'testcase\'>test_infrastructure_query_2</div></td>\n    <td colspan=\'5\' align=\'center\'>通过</td>\n    <td>无截图</td>\n</tr>\n\n<tr id=\'pt1.3\' class=\'hiddenRow\'>\n    <td class=\'passCase\'><div class=\'testcase\'>test_infrastructure_query_3</div></td>\n    <td colspan=\'5\' align=\'center\'>通过</td>\n    <td>无截图</td>\n</tr>\n\n<tr id=\'pt1.4\' class=\'hiddenRow\'>\n    <td class=\'passCase\'><div class=\'testcase\'>test_infrastructure_query_4</div></td>\n    <td colspan=\'5\' align=\'center\'>通过</td>\n    <td>无截图</td>\n</tr>\n\n        <tr id=\'total_row\'>\n            <td>总计</td>\n            <td>4</td>\n            <td>4</td>\n            <td>0</td>\n            <td>0</td>\n            <td>&nbsp;</td>\n            <th>&nbsp;</th>\n        </tr>\n    </table>\n    </div>\n', 'success': '4'}, {'startTime': '2020-07-10 18:26:56', 'duration': '0:00:00.187528', 'title': 'My unit test', 'status': '通过 4', 'desc': 'This demonstrates the report output by HTMLTestRunner.', 'data': '\n    <div id="btn-group">\n    <div class="btn-group btn-group-sm">\n        <a class="btn btn-primary" onclick=\'javascript:showCase(0)\'>概要{ 100.00% }</a>\n        <a class="btn btn-warning" onclick=\'javascript:showCase(4)\'>错误{ 0 }</a>\n        <a class="btn btn-danger" onclick=\'javascript:showCase(1)\'>失败{ 0 }</a>\n        <a class="btn btn-success" onclick=\'javascript:showCase(2)\'>通过{ 4 }</a>\n        <a class="btn btn-info" onclick=\'javascript:showCase(3)\'>所有{ 4 }</a>\n    </div>\n    <p></p>\n    <table id=\'result_table\' class="table table-bordered">\n        <colgroup>\n            <col align=\'left\' />\n            <col align=\'right\' />\n            <col align=\'right\' />\n            <col align=\'right\' />\n            <col align=\'right\' />\n            <col align=\'right\' />\n            <col align=\'right\' />\n        </colgroup>\n        <tr id=\'header_row\'>\n            <td>测试套件/测试用例</td>\n            <td>总数</td>\n            <td>通过</td>\n            <td>失败</td>\n            <td>错误</td>\n            <th>视图</th>\n            <th>错误截图</th>\n        </tr>\n        \n    <tr class=\'passClass\'>\n        <td>InfrastructureCase</td>\n        <td>4</td>\n        <td>4</td>\n        <td>0</td>\n        <td>0</td>\n        <td><a href="javascript:showClassDetail(\'c1\',4)">详情</a></td>\n        <td>&nbsp;</td>\n    </tr>\n\n<tr id=\'pt1.1\' class=\'hiddenRow\'>\n    <td class=\'passCase\'><div class=\'testcase\'>test_infrastructure_query_1</div></td>\n    <td colspan=\'5\' align=\'center\'>通过</td>\n    <td>无截图</td>\n</tr>\n\n<tr id=\'pt1.2\' class=\'hiddenRow\'>\n    <td class=\'passCase\'><div class=\'testcase\'>test_infrastructure_query_2</div></td>\n    <td colspan=\'5\' align=\'center\'>通过</td>\n    <td>无截图</td>\n</tr>\n\n<tr id=\'pt1.3\' class=\'hiddenRow\'>\n    <td class=\'passCase\'><div class=\'testcase\'>test_infrastructure_query_3</div></td>\n    <td colspan=\'5\' align=\'center\'>通过</td>\n    <td>无截图</td>\n</tr>\n\n<tr id=\'pt1.4\' class=\'hiddenRow\'>\n    <td class=\'passCase\'><div class=\'testcase\'>test_infrastructure_query_4</div></td>\n    <td colspan=\'5\' align=\'center\'>通过</td>\n    <td>无截图</td>\n</tr>\n\n        <tr id=\'total_row\'>\n            <td>总计</td>\n            <td>4</td>\n            <td>4</td>\n            <td>0</td>\n            <td>0</td>\n            <td>&nbsp;</td>\n            <th>&nbsp;</th>\n        </tr>\n    </table>\n    </div>\n', 'success': '4'}, {'startTime': '2020-07-10 18:27:26', 'duration': '0:00:00.172516', 'title': 'My unit test', 'status': '通过 4', 'desc': 'This demonstrates the report output by HTMLTestRunner.', 'data': '\n    <div id="btn-group">\n    <div class="btn-group btn-group-sm">\n        <a class="btn btn-primary" onclick=\'javascript:showCase(0)\'>概要{ 100.00% }</a>\n        <a class="btn btn-warning" onclick=\'javascript:showCase(4)\'>错误{ 0 }</a>\n        <a class="btn btn-danger" onclick=\'javascript:showCase(1)\'>失败{ 0 }</a>\n        <a class="btn btn-success" onclick=\'javascript:showCase(2)\'>通过{ 4 }</a>\n        <a class="btn btn-info" onclick=\'javascript:showCase(3)\'>所有{ 4 }</a>\n    </div>\n    <p></p>\n    <table id=\'result_table\' class="table table-bordered">\n        <colgroup>\n            <col align=\'left\' />\n            <col align=\'right\' />\n            <col align=\'right\' />\n            <col align=\'right\' />\n            <col align=\'right\' />\n            <col align=\'right\' />\n            <col align=\'right\' />\n        </colgroup>\n        <tr id=\'header_row\'>\n            <td>测试套件/测试用例</td>\n            <td>总数</td>\n            <td>通过</td>\n            <td>失败</td>\n            <td>错误</td>\n            <th>视图</th>\n            <th>错误截图</th>\n        </tr>\n        \n    <tr class=\'passClass\'>\n        <td>InfrastructureCase</td>\n        <td>4</td>\n        <td>4</td>\n        <td>0</td>\n        <td>0</td>\n        <td><a href="javascript:showClassDetail(\'c1\',4)">详情</a></td>\n        <td>&nbsp;</td>\n    </tr>\n\n<tr id=\'pt1.1\' class=\'hiddenRow\'>\n    <td class=\'passCase\'><div class=\'testcase\'>test_infrastructure_query_1</div></td>\n    <td colspan=\'5\' align=\'center\'>通过</td>\n    <td>无截图</td>\n</tr>\n\n<tr id=\'pt1.2\' class=\'hiddenRow\'>\n    <td class=\'passCase\'><div class=\'testcase\'>test_infrastructure_query_2</div></td>\n    <td colspan=\'5\' align=\'center\'>通过</td>\n    <td>无截图</td>\n</tr>\n\n<tr id=\'pt1.3\' class=\'hiddenRow\'>\n    <td class=\'passCase\'><div class=\'testcase\'>test_infrastructure_query_3</div></td>\n    <td colspan=\'5\' align=\'center\'>通过</td>\n    <td>无截图</td>\n</tr>\n\n<tr id=\'pt1.4\' class=\'hiddenRow\'>\n    <td class=\'passCase\'><div class=\'testcase\'>test_infrastructure_query_4</div></td>\n    <td colspan=\'5\' align=\'center\'>通过</td>\n    <td>无截图</td>\n</tr>\n\n        <tr id=\'total_row\'>\n            <td>总计</td>\n            <td>4</td>\n            <td>4</td>\n            <td>0</td>\n            <td>0</td>\n            <td>&nbsp;</td>\n            <th>&nbsp;</th>\n        </tr>\n    </table>\n    </div>\n', 'success': '4'}, {'startTime': '2020-07-10 18:33:36', 'duration': '0:00:00.697161', 'title': 'My unit test', 'status': '通过 4', 'desc': 'This demonstrates the report output by HTMLTestRunner.', 'data': '\n    <div id="btn-group">\n    <div class="btn-group btn-group-sm">\n        <a class="btn btn-primary" onclick=\'javascript:showCase(0)\'>概要{ 100.00% }</a>\n        <a class="btn btn-warning" onclick=\'javascript:showCase(4)\'>错误{ 0 }</a>\n        <a class="btn btn-danger" onclick=\'javascript:showCase(1)\'>失败{ 0 }</a>\n        <a class="btn btn-success" onclick=\'javascript:showCase(2)\'>通过{ 4 }</a>\n        <a class="btn btn-info" onclick=\'javascript:showCase(3)\'>所有{ 4 }</a>\n    </div>\n    <p></p>\n    <table id=\'result_table\' class="table table-bordered">\n        <colgroup>\n            <col align=\'left\' />\n            <col align=\'right\' />\n            <col align=\'right\' />\n            <col align=\'right\' />\n            <col align=\'right\' />\n            <col align=\'right\' />\n            <col align=\'right\' />\n        </colgroup>\n        <tr id=\'header_row\'>\n            <td>测试套件/测试用例</td>\n            <td>总数</td>\n            <td>通过</td>\n            <td>失败</td>\n            <td>错误</td>\n            <th>视图</th>\n            <th>错误截图</th>\n        </tr>\n        \n    <tr class=\'passClass\'>\n        <td>InfrastructureCase</td>\n        <td>4</td>\n        <td>4</td>\n        <td>0</td>\n        <td>0</td>\n        <td><a href="javascript:showClassDetail(\'c1\',4)">详情</a></td>\n        <td>&nbsp;</td>\n    </tr>\n\n<tr id=\'pt1.1\' class=\'hiddenRow\'>\n    <td class=\'passCase\'><div class=\'testcase\'>test_infrastructure_query_1</div></td>\n    <td colspan=\'5\' align=\'center\'>通过</td>\n    <td>无截图</td>\n</tr>\n\n<tr id=\'pt1.2\' class=\'hiddenRow\'>\n    <td class=\'passCase\'><div class=\'testcase\'>test_infrastructure_query_2</div></td>\n    <td colspan=\'5\' align=\'center\'>通过</td>\n    <td>无截图</td>\n</tr>\n\n<tr id=\'pt1.3\' class=\'hiddenRow\'>\n    <td class=\'passCase\'><div class=\'testcase\'>test_infrastructure_query_3</div></td>\n    <td colspan=\'5\' align=\'center\'>通过</td>\n    <td>无截图</td>\n</tr>\n\n<tr id=\'pt1.4\' class=\'hiddenRow\'>\n    <td class=\'passCase\'><div class=\'testcase\'>test_infrastructure_query_4</div></td>\n    <td colspan=\'5\' align=\'center\'>通过</td>\n    <td>无截图</td>\n</tr>\n\n        <tr id=\'total_row\'>\n            <td>总计</td>\n            <td>4</td>\n            <td>4</td>\n            <td>0</td>\n            <td>0</td>\n            <td>&nbsp;</td>\n            <th>&nbsp;</th>\n        </tr>\n    </table>\n    </div>\n', 'success': '4'}, {'startTime': '2020-07-10 18:42:55', 'duration': '0:00:04.535900', 'title': 'My unit test', 'status': '通过 11', 'desc': 'This demonstrates the report output by HTMLTestRunner.', 'data': '\n    <div id="btn-group">\n    <div class="btn-group btn-group-sm">\n        <a class="btn btn-primary" onclick=\'javascript:showCase(0)\'>概要{ 100.00% }</a>\n        <a class="btn btn-warning" onclick=\'javascript:showCase(4)\'>错误{ 0 }</a>\n        <a class="btn btn-danger" onclick=\'javascript:showCase(1)\'>失败{ 0 }</a>\n        <a class="btn btn-success" onclick=\'javascript:showCase(2)\'>通过{ 11 }</a>\n        <a class="btn btn-info" onclick=\'javascript:showCase(3)\'>所有{ 11 }</a>\n    </div>\n    <p></p>\n    <table id=\'result_table\' class="table table-bordered">\n        <colgroup>\n            <col align=\'left\' />\n            <col align=\'right\' />\n            <col align=\'right\' />\n            <col align=\'right\' />\n            <col align=\'right\' />\n            <col align=\'right\' />\n            <col align=\'right\' />\n        </colgroup>\n        <tr id=\'header_row\'>\n            <td>测试套件/测试用例</td>\n            <td>总数</td>\n            <td>通过</td>\n            <td>失败</td>\n            <td>错误</td>\n            <th>视图</th>\n            <th>错误截图</th>\n        </tr>\n        \n    <tr class=\'passClass\'>\n        <td>InfrastructureCase</td>\n        <td>11</td>\n        <td>11</td>\n        <td>0</td>\n        <td>0</td>\n        <td><a href="javascript:showClassDetail(\'c1\',11)">详情</a></td>\n        <td>&nbsp;</td>\n    </tr>\n\n<tr id=\'pt1.1\' class=\'hiddenRow\'>\n    <td class=\'passCase\'><div class=\'testcase\'>test_infrastructure_add_1</div></td>\n    <td colspan=\'5\' align=\'center\'>通过</td>\n    <td>无截图</td>\n</tr>\n\n<tr id=\'pt1.2\' class=\'hiddenRow\'>\n    <td class=\'passCase\'><div class=\'testcase\'>test_infrastructure_add_10</div></td>\n    <td colspan=\'5\' align=\'center\'>通过</td>\n    <td>无截图</td>\n</tr>\n\n<tr id=\'pt1.3\' class=\'hiddenRow\'>\n    <td class=\'passCase\'><div class=\'testcase\'>test_infrastructure_add_11</div></td>\n    <td colspan=\'5\' align=\'center\'>通过</td>\n    <td>无截图</td>\n</tr>\n\n<tr id=\'pt1.4\' class=\'hiddenRow\'>\n    <td class=\'passCase\'><div class=\'testcase\'>test_infrastructure_add_2</div></td>\n    <td colspan=\'5\' align=\'center\'>通过</td>\n    <td>无截图</td>\n</tr>\n\n<tr id=\'pt1.5\' class=\'hiddenRow\'>\n    <td class=\'passCase\'><div class=\'testcase\'>test_infrastructure_add_3</div></td>\n    <td colspan=\'5\' align=\'center\'>通过</td>\n    <td>无截图</td>\n</tr>\n\n<tr id=\'pt1.6\' class=\'hiddenRow\'>\n    <td class=\'passCase\'><div class=\'testcase\'>test_infrastructure_add_4</div></td>\n    <td colspan=\'5\' align=\'center\'>通过</td>\n    <td>无截图</td>\n</tr>\n\n<tr id=\'pt1.7\' class=\'hiddenRow\'>\n    <td class=\'passCase\'><div class=\'testcase\'>test_infrastructure_add_5</div></td>\n    <td colspan=\'5\' align=\'center\'>通过</td>\n    <td>无截图</td>\n</tr>\n\n<tr id=\'pt1.8\' class=\'hiddenRow\'>\n    <td class=\'passCase\'><div class=\'testcase\'>test_infrastructure_add_6</div></td>\n    <td colspan=\'5\' align=\'center\'>通过</td>\n    <td>无截图</td>\n</tr>\n\n<tr id=\'pt1.9\' class=\'hiddenRow\'>\n    <td class=\'passCase\'><div class=\'testcase\'>test_infrastructure_add_7</div></td>\n    <td colspan=\'5\' align=\'center\'>通过</td>\n    <td>无截图</td>\n</tr>\n\n<tr id=\'pt1.10\' class=\'hiddenRow\'>\n    <td class=\'passCase\'><div class=\'testcase\'>test_infrastructure_add_8</div></td>\n    <td colspan=\'5\' align=\'center\'>通过</td>\n    <td>无截图</td>\n</tr>\n\n<tr id=\'pt1.11\' class=\'hiddenRow\'>\n    <td class=\'passCase\'><div class=\'testcase\'>test_infrastructure_add_9</div></td>\n    <td colspan=\'5\' align=\'center\'>通过</td>\n    <td>无截图</td>\n</tr>\n\n        <tr id=\'total_row\'>\n            <td>总计</td>\n            <td>11</td>\n            <td>11</td>\n            <td>0</td>\n            <td>0</td>\n            <td>&nbsp;</td>\n            <th>&nbsp;</th>\n        </tr>\n    </table>\n    </div>\n', 'success': '11'}]